<?xml version="1.0" encoding="UTF-8"?>
<!-- Generated by org.testng.reporters.JUnitXMLReporter -->
<testsuite ignored="0" hostname="DESKTOP-VRI3RIE" failures="0" tests="3" name="FreshWorksTestChrome" time="0.12" errors="0" timestamp="2025-03-22T15:12:29 EDT">
  <testcase classname="sampleAzure.sampleAzure.FreshWorksTest" name="@BeforeMethod setup" time="0.032">
    <failure type="java.util.NoSuchElementException" message="No value present">
      <![CDATA[java.util.NoSuchElementException: No value present
at java.base/java.util.Optional.get(Optional.java:143)
at io.github.bonigarcia.wdm.WebDriverManager.<init>(WebDriverManager.java:225)
at io.github.bonigarcia.wdm.managers.EdgeDriverManager.<init>(EdgeDriverManager.java:54)
at io.github.bonigarcia.wdm.WebDriverManager.edgedriver(WebDriverManager.java:252)
at sampleAzure.sampleAzure.FreshWorksTest.setup(FreshWorksTest.java:43)
at java.base/java.util.ArrayList.forEach(ArrayList.java:1511)
at java.base/java.util.concurrent.FutureTask.run(FutureTask.java:264)
at java.base/java.util.concurrent.ThreadPoolExecutor.runWorker(ThreadPoolExecutor.java:1136)
at java.base/java.util.concurrent.ThreadPoolExecutor$Worker.run(ThreadPoolExecutor.java:635)
at java.base/java.lang.Thread.run(Thread.java:840)
... Removed 21 stack frames]]>
    </failure>
  </testcase> <!-- @BeforeMethod setup -->
  <testcase classname="sampleAzure.sampleAzure.FreshWorksTest" name="@BeforeMethod setup" time="0.033">
    <failure type="java.util.NoSuchElementException" message="No value present">
      <![CDATA[java.util.NoSuchElementException: No value present
at java.base/java.util.Optional.get(Optional.java:143)
at io.github.bonigarcia.wdm.WebDriverManager.<init>(WebDriverManager.java:225)
at io.github.bonigarcia.wdm.managers.ChromeDriverManager.<init>(ChromeDriverManager.java:51)
at io.github.bonigarcia.wdm.WebDriverManager.chromedriver(WebDriverManager.java:236)
at sampleAzure.sampleAzure.FreshWorksTest.setup(FreshWorksTest.java:31)
at java.base/java.util.ArrayList.forEach(ArrayList.java:1511)
at java.base/java.util.concurrent.FutureTask.run(FutureTask.java:264)
at java.base/java.util.concurrent.ThreadPoolExecutor.runWorker(ThreadPoolExecutor.java:1136)
at java.base/java.util.concurrent.ThreadPoolExecutor$Worker.run(ThreadPoolExecutor.java:635)
at java.base/java.lang.Thread.run(Thread.java:840)
... Removed 21 stack frames]]>
    </failure>
  </testcase> <!-- @BeforeMethod setup -->
  <testcase classname="sampleAzure.sampleAzure.FreshWorksTest" name="@AfterMethod tearDown" time="0.0">
    <skipped/>
  </testcase> <!-- @AfterMethod tearDown -->
  <testcase classname="sampleAzure.sampleAzure.FreshWorksTest" name="@AfterMethod tearDown" time="0.0">
    <skipped/>
  </testcase> <!-- @AfterMethod tearDown -->
  <testcase classname="sampleAzure.sampleAzure.FreshWorksTest" name="@BeforeMethod setup" time="0.0">
    <skipped/>
  </testcase> <!-- @BeforeMethod setup -->
  <testcase classname="sampleAzure.sampleAzure.FreshWorksTest" name="@BeforeMethod setup" time="0.0">
    <skipped/>
  </testcase> <!-- @BeforeMethod setup -->
  <testcase classname="sampleAzure.sampleAzure.FreshWorksTest" name="@AfterMethod tearDown" time="0.0">
    <skipped/>
  </testcase> <!-- @AfterMethod tearDown -->
  <testcase classname="sampleAzure.sampleAzure.FreshWorksTest" name="@AfterMethod tearDown" time="0.0">
    <skipped/>
  </testcase> <!-- @AfterMethod tearDown -->
  <testcase classname="sampleAzure.sampleAzure.FreshWorksTest" name="@BeforeMethod setup" time="0.0">
    <skipped/>
  </testcase> <!-- @BeforeMethod setup -->
  <testcase classname="sampleAzure.sampleAzure.FreshWorksTest" name="@BeforeMethod setup" time="0.0">
    <skipped/>
  </testcase> <!-- @BeforeMethod setup -->
  <testcase classname="sampleAzure.sampleAzure.FreshWorksTest" name="@AfterMethod tearDown" time="0.0">
    <skipped/>
  </testcase> <!-- @AfterMethod tearDown -->
  <testcase classname="sampleAzure.sampleAzure.FreshWorksTest" name="@AfterMethod tearDown" time="0.0">
    <skipped/>
  </testcase> <!-- @AfterMethod tearDown -->
  <testcase classname="sampleAzure.sampleAzure.FreshWorksTest" name="freshWorksLogoTest" time="0.0">
    <skipped/>
  </testcase> <!-- freshWorksLogoTest -->
  <testcase classname="sampleAzure.sampleAzure.FreshWorksTest" name="freshWorksTitleTest" time="0.0">
    <skipped/>
  </testcase> <!-- freshWorksTitleTest -->
  <testcase classname="sampleAzure.sampleAzure.FreshWorksTest" name="getFooterLinksTest" time="0.0">
    <skipped/>
  </testcase> <!-- getFooterLinksTest -->
</testsuite> <!-- FreshWorksTestChrome -->
